[    0.000000] Linux version 4.15.0-202-generic (buildd@lcy02-amd64-115) (gcc version 7.5.0 (Ubuntu 7.5.0-3ubuntu1~18.04)) #213-Ubuntu SMP Thu Jan 5 19:19:12 UTC 2023 (Ubuntu 4.15.0-202.213-generic 4.15.18)
[    0.000000] Command line: BOOT_IMAGE=/boot/vmlinuz-4.15.0-202-generic root=LABEL=cloudimg-rootfs ro console=tty1 console=ttyS0
[    0.000000] KERNEL supported cpus:
[    0.000000]   Intel GenuineIntel
[    0.000000]   AMD AuthenticAMD
[    0.000000]   Centaur CentaurHauls
[    0.000000] x86/fpu: Supporting XSAVE feature 0x001: 'x87 floating point registers'
[    0.000000] x86/fpu: Supporting XSAVE feature 0x002: 'SSE registers'
[    0.000000] x86/fpu: Supporting XSAVE feature 0x004: 'AVX registers'
[    0.000000] x86/fpu: xstate_offset[2]:  576, xstate_sizes[2]:  256
[    0.000000] x86/fpu: Enabled xstate features 0x7, context size is 832 bytes, using 'standard' format.
[    0.000000] e820: BIOS-provided physical RAM map:
[    0.000000] BIOS-e820: [mem 0x0000000000000000-0x000000000009fbff] usable
[    0.000000] BIOS-e820: [mem 0x000000000009fc00-0x000000000009ffff] reserved
[    0.000000] BIOS-e820: [mem 0x00000000000f0000-0x00000000000fffff] reserved
[    0.000000] BIOS-e820: [mem 0x0000000000100000-0x000000003ffeffff] usable
[    0.000000] BIOS-e820: [mem 0x000000003fff0000-0x000000003fffffff] ACPI data
[    0.000000] BIOS-e820: [mem 0x00000000fec00000-0x00000000fec00fff] reserved
[    0.000000] BIOS-e820: [mem 0x00000000fee00000-0x00000000fee00fff] reserved
[    0.000000] BIOS-e820: [mem 0x00000000fffc0000-0x00000000ffffffff] reserved
[    0.000000] NX (Execute Disable) protection: active
[    0.000000] SMBIOS 2.5 present.
[    0.000000] DMI: innotek GmbH VirtualBox/VirtualBox, BIOS VirtualBox 12/01/2006
[    0.000000] Hypervisor detected: KVM
[    0.000000] e820: last_pfn = 0x3fff0 max_arch_pfn = 0x400000000
[    0.000000] MTRR: Disabled
[    0.000000] x86/PAT: MTRRs disabled, skipping PAT initialization too.
[    0.000000] CPU MTRRs all blank - virtualized system.
[    0.000000] x86/PAT: Configuration [0-7]: WB  WT  UC- UC  WB  WT  UC- UC  
[    0.000000] found SMP MP-table at [mem 0x0009fff0-0x0009ffff]
[    0.000000] Scanning 1 areas for low memory corruption
[    0.000000] RAMDISK: [mem 0x359c9000-0x36cdbfff]
[    0.000000] ACPI: Early table checksum verification disabled
[    0.000000] ACPI: RSDP 0x00000000000E0000 000024 (v02 VBOX  )
[    0.000000] ACPI: XSDT 0x000000003FFF0030 00003C (v01 VBOX   VBOXXSDT 00000001 ASL  00000061)
[    0.000000] ACPI: FACP 0x000000003FFF00F0 0000F4 (v04 VBOX   VBOXFACP 00000001 ASL  00000061)
[    0.000000] ACPI: DSDT 0x000000003FFF0470 002325 (v02 VBOX   VBOXBIOS 00000002 INTL 20200925)
[    0.000000] ACPI: FACS 0x000000003FFF0200 000040
[    0.000000] ACPI: FACS 0x000000003FFF0200 000040
[    0.000000] ACPI: APIC 0x000000003FFF0240 00005C (v02 VBOX   VBOXAPIC 00000001 ASL  00000061)
[    0.000000] ACPI: SSDT 0x000000003FFF02A0 0001CC (v01 VBOX   VBOXCPUT 00000002 INTL 20200925)
[    0.000000] ACPI: Reserving FACP table memory at [mem 0x3fff00f0-0x3fff01e3]
[    0.000000] ACPI: Reserving DSDT table memory at [mem 0x3fff0470-0x3fff2794]
[    0.000000] ACPI: Reserving FACS table memory at [mem 0x3fff0200-0x3fff023f]
[    0.000000] ACPI: Reserving FACS table memory at [mem 0x3fff0200-0x3fff023f]
[    0.000000] ACPI: Reserving APIC table memory at [mem 0x3fff0240-0x3fff029b]
[    0.000000] ACPI: Reserving SSDT table memory at [mem 0x3fff02a0-0x3fff046b]
[    0.000000] No NUMA configuration found
[    0.000000] Faking a node at [mem 0x0000000000000000-0x000000003ffeffff]
[    0.000000] NODE_DATA(0) allocated [mem 0x3ffc5000-0x3ffeffff]
[    0.000000] kvm-clock: cpu 0, msr 0:3ff44001, primary cpu clock
[    0.000000] kvm-clock: Using msrs 4b564d01 and 4b564d00
[    0.000000] kvm-clock: using sched offset of 3763041624 cycles
[    0.000000] clocksource: kvm-clock: mask: 0xffffffffffffffff max_cycles: 0x1cd42e4dffb, max_idle_ns: 881590591483 ns
[    0.000000] Zone ranges:
[    0.000000]   DMA      [mem 0x0000000000001000-0x0000000000ffffff]
[    0.000000]   DMA32    [mem 0x0000000001000000-0x000000003ffeffff]
[    0.000000]   Normal   empty
[    0.000000]   Device   empty
[    0.000000] Movable zone start for each node
[    0.000000] Early memory node ranges
[    0.000000]   node   0: [mem 0x0000000000001000-0x000000000009efff]
[    0.000000]   node   0: [mem 0x0000000000100000-0x000000003ffeffff]
[    0.000000] Reserved but unavailable: 104 pages
[    0.000000] Initmem setup node 0 [mem 0x0000000000001000-0x000000003ffeffff]
[    0.000000] ACPI: PM-Timer IO Port: 0x4008
[    0.000000] IOAPIC[0]: apic_id 2, version 32, address 0xfec00000, GSI 0-23
[    0.000000] ACPI: INT_SRC_OVR (bus 0 bus_irq 0 global_irq 2 dfl dfl)
[    0.000000] ACPI: INT_SRC_OVR (bus 0 bus_irq 9 global_irq 9 low level)
[    0.000000] Using ACPI (MADT) for SMP configuration information
[    0.000000] smpboot: Allowing 2 CPUs, 0 hotplug CPUs
[    0.000000] PM: Registered nosave memory: [mem 0x00000000-0x00000fff]
[    0.000000] PM: Registered nosave memory: [mem 0x0009f000-0x0009ffff]
[    0.000000] PM: Registered nosave memory: [mem 0x000a0000-0x000effff]
[    0.000000] PM: Registered nosave memory: [mem 0x000f0000-0x000fffff]
[    0.000000] e820: [mem 0x40000000-0xfebfffff] available for PCI devices
[    0.000000] Booting paravirtualized kernel on KVM
[    0.000000] clocksource: refined-jiffies: mask: 0xffffffff max_cycles: 0xffffffff, max_idle_ns: 7645519600211568 ns
[    0.000000] setup_percpu: NR_CPUS:8192 nr_cpumask_bits:2 nr_cpu_ids:2 nr_node_ids:1
[    0.000000] percpu: Embedded 50 pages/cpu s167936 r8192 d28672 u1048576
[    0.000000] PV qspinlock hash table entries: 256 (order: 0, 4096 bytes)
[    0.000000] Built 1 zonelists, mobility grouping on.  Total pages: 257913
[    0.000000] Policy zone: DMA32
[    0.000000] Kernel command line: BOOT_IMAGE=/boot/vmlinuz-4.15.0-202-generic root=LABEL=cloudimg-rootfs ro console=tty1 console=ttyS0
[    0.000000] Memory: 982648K/1048120K available (12300K kernel code, 2477K rwdata, 4320K rodata, 2472K init, 2720K bss, 65472K reserved, 0K cma-reserved)
[    0.000000] SLUB: HWalign=64, Order=0-3, MinObjects=0, CPUs=2, Nodes=1
[    0.000000] Kernel/User page tables isolation: enabled
[    0.000000] ftrace: allocating 39478 entries in 155 pages
[    0.004000] Hierarchical RCU implementation.
[    0.004000] 	RCU restricting CPUs from NR_CPUS=8192 to nr_cpu_ids=2.
[    0.004000] 	Tasks RCU enabled.
[    0.004000] RCU: Adjusting geometry for rcu_fanout_leaf=16, nr_cpu_ids=2
[    0.004000] NR_IRQS: 524544, nr_irqs: 440, preallocated irqs: 16
[    0.004000] random: crng init done
[    0.004000] Console: colour VGA+ 80x25
[    0.004000] console [tty1] enabled
[    0.004000] console [ttyS0] enabled
[    0.004000] ACPI: Core revision 20170831
[    0.004000] ACPI: 2 ACPI AML tables successfully acquired and loaded
[    0.004000] APIC: Switch to symmetric I/O mode setup
[    0.004000] x2apic enabled
[    0.004000] Switched APIC routing to physical x2apic.
[    0.004000] ..TIMER: vector=0x30 apic1=0 pin1=2 apic2=-1 pin2=-1
[    0.004005] tsc: Detected 2893.282 MHz processor
[    0.004795] Calibrating delay loop (skipped) preset value.. 5786.56 BogoMIPS (lpj=11573128)
[    0.005379] pid_max: default: 32768 minimum: 301
[    0.006225] Security Framework initialized
[    0.008002] Yama: becoming mindful.
[    0.008633] AppArmor: AppArmor initialized
[    0.010010] Dentry cache hash table entries: 131072 (order: 8, 1048576 bytes)
[    0.011386] Inode-cache hash table entries: 65536 (order: 7, 524288 bytes)
[    0.012015] Mount-cache hash table entries: 2048 (order: 2, 16384 bytes)
[    0.013228] Mountpoint-cache hash table entries: 2048 (order: 2, 16384 bytes)
[    0.014733] Last level iTLB entries: 4KB 1024, 2MB 1024, 4MB 1024
[    0.016003] Last level dTLB entries: 4KB 1024, 2MB 1024, 4MB 1024, 1GB 4
[    0.017266] Spectre V1 : Mitigation: usercopy/swapgs barriers and __user pointer sanitization
[    0.018787] Spectre V2 : Mitigation: Retpolines
[    0.020002] Spectre V2 : Spectre v2 / SpectreRSB mitigation: Filling RSB on context switch
[    0.021399] Speculative Store Bypass: Vulnerable
[    0.022283] MDS: Mitigation: Clear CPU buffers
[    0.023101] MMIO Stale Data: Unknown: No mitigations
[    0.024003] SRBDS: Unknown: Dependent on hypervisor status
[    0.025407] Freeing SMP alternatives memory: 36K
[    0.137096] smpboot: CPU0: Intel(R) Core(TM) i7-4600M CPU @ 2.90GHz (family: 0x6, model: 0x3c, stepping: 0x3)
[    0.139627] Performance Events: unsupported p6 CPU model 60 no PMU driver, software events only.
[    0.140000] Hierarchical SRCU implementation.
[    0.140552] NMI watchdog: Perf event create on CPU 0 failed with -2
[    0.141552] NMI watchdog: Perf NMI watchdog permanently disabled
[    0.142547] smp: Bringing up secondary CPUs ...
[    0.144072] x86: Booting SMP configuration:
[    0.144726] .... node  #0, CPUs:      #1
[    0.004000] kvm-clock: cpu 1, msr 0:3ff44041, secondary cpu clock
[    0.148020] smp: Brought up 1 node, 2 CPUs
[    0.148672] smpboot: Max logical packages: 1
[    0.149349] smpboot: Total of 2 processors activated (11573.12 BogoMIPS)
[    0.150451] devtmpfs: initialized
[    0.152053] x86/mm: Memory block size: 128MB
[    0.152920] evm: security.selinux
[    0.153529] evm: security.SMACK64
[    0.154133] evm: security.SMACK64EXEC
[    0.154788] evm: security.SMACK64TRANSMUTE
[    0.155496] evm: security.SMACK64MMAP
[    0.156002] evm: security.apparmor
[    0.156642] evm: security.ima
[    0.157228] evm: security.capability
[    0.157851] clocksource: jiffies: mask: 0xffffffff max_cycles: 0xffffffff, max_idle_ns: 7645041785100000 ns
[    0.157851] futex hash table entries: 512 (order: 3, 32768 bytes)
[    0.160047] pinctrl core: initialized pinctrl subsystem
[    0.161563] RTC time: 12:21:41, date: 01/27/23
[    0.162633] NET: Registered protocol family 16
[    0.164072] audit: initializing netlink subsys (disabled)
[    0.165148] audit: type=2000 audit(1674822106.060:1): state=initialized audit_enabled=0 res=1
[    0.165683] cpuidle: using governor ladder
[    0.168012] cpuidle: using governor menu
[    0.168733] ACPI: bus type PCI registered
[    0.169453] acpiphp: ACPI Hot Plug PCI Controller Driver version: 0.5
[    0.170593] PCI: Using configuration type 1 for base access
[    0.172842] HugeTLB registered 2.00 MiB page size, pre-allocated 0 pages
[    0.173166] ACPI: Added _OSI(Module Device)
[    0.176008] ACPI: Added _OSI(Processor Device)
[    0.176775] ACPI: Added _OSI(3.0 _SCP Extensions)
[    0.177594] ACPI: Added _OSI(Processor Aggregator Device)
[    0.178483] ACPI: Added _OSI(Linux-Dell-Video)
[    0.179269] ACPI: Added _OSI(Linux-Lenovo-NV-HDMI-Audio)
[    0.180003] ACPI: Added _OSI(Linux-HPI-Hybrid-Graphics)
[    0.181075] ACPI: Executed 1 blocks of module-level executable AML code
[    0.185100] ACPI: Interpreter enabled
[    0.185801] ACPI: (supports S0 S5)
[    0.186497] ACPI: Using IOAPIC for interrupt routing
[    0.187719] PCI: Using host bridge windows from ACPI; if necessary, use "pci=nocrs" and report a bug
[    0.188146] ACPI: Enabled 2 GPEs in block 00 to 07
[    0.195297] ACPI: PCI Root Bridge [PCI0] (domain 0000 [bus 00-ff])
[    0.196007] acpi PNP0A03:00: _OSC: OS supports [ASPM ClockPM Segments MSI]
[    0.197590] acpi PNP0A03:00: _OSC: not requesting OS control; OS requires [ExtendedConfig ASPM ClockPM MSI]
[    0.199272] acpi PNP0A03:00: fail to add MMCONFIG information, can't access extended PCI configuration space under this bridge.
[    0.200448] PCI host bridge to bus 0000:00
[    0.201303] pci_bus 0000:00: root bus resource [io  0x0000-0x0cf7 window]
[    0.204008] pci_bus 0000:00: root bus resource [io  0x0d00-0xffff window]
[    0.205049] pci_bus 0000:00: root bus resource [mem 0x000a0000-0x000bffff window]
[    0.206957] pci_bus 0000:00: root bus resource [mem 0x40000000-0xfdffffff window]
[    0.208005] pci_bus 0000:00: root bus resource [bus 00-ff]
[    0.210536] pci 0000:00:01.1: legacy IDE quirk: reg 0x10: [io  0x01f0-0x01f7]
[    0.212008] pci 0000:00:01.1: legacy IDE quirk: reg 0x14: [io  0x03f6]
[    0.213110] pci 0000:00:01.1: legacy IDE quirk: reg 0x18: [io  0x0170-0x0177]
[    0.214266] pci 0000:00:01.1: legacy IDE quirk: reg 0x1c: [io  0x0376]
[    0.233574] pci 0000:00:07.0: quirk: [io  0x4000-0x403f] claimed by PIIX4 ACPI
[    0.234869] pci 0000:00:07.0: quirk: [io  0x4100-0x410f] claimed by PIIX4 SMB
[    0.246325] ACPI: PCI Interrupt Link [LNKA] (IRQs 5 9 10 *11)
[    0.247683] ACPI: PCI Interrupt Link [LNKB] (IRQs 5 9 *10 11)
[    0.248109] ACPI: PCI Interrupt Link [LNKC] (IRQs 5 *9 10 11)
[    0.249180] ACPI: PCI Interrupt Link [LNKD] (IRQs 5 9 10 *11)
[    0.250451] SCSI subsystem initialized
[    0.252044] pci 0000:00:02.0: vgaarb: setting as boot VGA device
[    0.252981] pci 0000:00:02.0: vgaarb: VGA device added: decodes=io+mem,owns=io+mem,locks=none
[    0.254352] pci 0000:00:02.0: vgaarb: bridge control possible
[    0.255313] vgaarb: loaded
[    0.256030] ACPI: bus type USB registered
[    0.256840] usbcore: registered new interface driver usbfs
[    0.257817] usbcore: registered new interface driver hub
[    0.258723] usbcore: registered new device driver usb
[    0.259635] EDAC MC: Ver: 3.0.0
[    0.260193] PCI: Using ACPI for IRQ routing
[    0.260990] NetLabel: Initializing
[    0.261634] NetLabel:  domain hash size = 128
[    0.262375] NetLabel:  protocols = UNLABELED CIPSOv4 CALIPSO
[    0.263296] NetLabel:  unlabeled traffic allowed by default
[    0.264063] clocksource: Switched to clocksource kvm-clock
[    0.274558] VFS: Disk quotas dquot_6.6.0
[    0.275344] VFS: Dquot-cache hash table entries: 512 (order 0, 4096 bytes)
[    0.276496] AppArmor: AppArmor Filesystem Enabled
[    0.277254] pnp: PnP ACPI init
[    0.278681] pnp: PnP ACPI: found 3 devices
[    0.286710] clocksource: acpi_pm: mask: 0xffffff max_cycles: 0xffffff, max_idle_ns: 2085701024 ns
[    0.288172] NET: Registered protocol family 2
[    0.288938] IP idents hash table entries: 16384 (order: 5, 131072 bytes)
[    0.290820] TCP established hash table entries: 8192 (order: 4, 65536 bytes)
[    0.292286] TCP bind hash table entries: 8192 (order: 5, 131072 bytes)
[    0.293468] TCP: Hash tables configured (established 8192 bind 8192)
[    0.294642] UDP hash table entries: 512 (order: 2, 16384 bytes)
[    0.295710] UDP-Lite hash table entries: 512 (order: 2, 16384 bytes)
[    0.296909] NET: Registered protocol family 1
[    0.297727] pci 0000:00:00.0: Limiting direct PCI/PCI transfers
[    0.298856] pci 0000:00:01.0: Activating ISA DMA hang workarounds
[    0.299985] pci 0000:00:02.0: Video device with shadowed ROM at [mem 0x000c0000-0x000dffff]
[    0.301638] Unpacking initramfs...
[    0.530024] Freeing initrd memory: 19532K
[    0.530964] clocksource: tsc: mask: 0xffffffffffffffff max_cycles: 0x29b478e661d, max_idle_ns: 440795325242 ns
[    0.532846] platform rtc_cmos: registered platform RTC device (no PNP device found)
[    0.534564] Scanning for low memory corruption every 60 seconds
[    0.536307] Initialise system trusted keyrings
[    0.537206] Key type blacklist registered
[    0.538039] workingset: timestamp_bits=36 max_order=18 bucket_order=0
[    0.539997] zbud: loaded
[    0.541035] squashfs: version 4.0 (2009/01/31) Phillip Lougher
[    0.542297] fuse init (API version 7.26)
[    0.545205] Key type asymmetric registered
[    0.545991] Asymmetric key parser 'x509' registered
[    0.546973] Block layer SCSI generic (bsg) driver version 0.4 loaded (major 246)
[    0.548363] io scheduler noop registered
[    0.548972] io scheduler deadline registered
[    0.549653] io scheduler cfq registered (default)
[    0.550665] ACPI: AC Adapter [AC] (off-line)
[    0.551426] input: Power Button as /devices/LNXSYSTM:00/LNXPWRBN:00/input/input0
[    0.552673] ACPI: Power Button [PWRF]
[    0.553322] input: Sleep Button as /devices/LNXSYSTM:00/LNXSLPBN:00/input/input1
[    0.554458] ACPI: Sleep Button [SLPF]
[    0.555831] ACPI: Battery Slot [BAT0] (battery present)
[    0.556176] Serial: 8250/16550 driver, 32 ports, IRQ sharing enabled
[    0.578354] 00:02: ttyS0 at I/O 0x3f8 (irq = 4, base_baud = 115200) is a 16550A
[    0.580652] Linux agpgart interface v0.103
[    0.582839] loop: module loaded
[    0.583971] scsi host0: ata_piix
[    0.584757] scsi host1: ata_piix
[    0.585402] ata1: PATA max UDMA/33 cmd 0x1f0 ctl 0x3f6 bmdma 0xd000 irq 14
[    0.586627] ata2: PATA max UDMA/33 cmd 0x170 ctl 0x376 bmdma 0xd008 irq 15
[    0.587895] tun: Universal TUN/TAP device driver, 1.6
[    0.589131] PPP generic driver version 2.4.2
[    0.590030] ehci_hcd: USB 2.0 'Enhanced' Host Controller (EHCI) Driver
[    0.591338] ehci-pci: EHCI PCI platform driver
[    0.592276] ehci-platform: EHCI generic platform driver
[    0.593353] ohci_hcd: USB 1.1 'Open' Host Controller (OHCI) Driver
[    0.594517] ohci-pci: OHCI PCI platform driver
[    0.595439] ohci-platform: OHCI generic platform driver
[    0.596474] uhci_hcd: USB Universal Host Controller Interface driver
[    0.597691] i8042: PNP: PS/2 Controller [PNP0303:PS2K,PNP0f03:PS2M] at 0x60,0x64 irq 1,12
[    0.599884] serio: i8042 KBD port at 0x60,0x64 irq 1
[    0.601013] serio: i8042 AUX port at 0x60,0x64 irq 12
[    0.601975] mousedev: PS/2 mouse device common for all mice
[    0.603260] input: AT Translated Set 2 keyboard as /devices/platform/i8042/serio0/input/input2
[    0.605854] rtc_cmos rtc_cmos: rtc core: registered rtc_cmos as rtc0
[    0.607664] rtc_cmos rtc_cmos: alarms up to one day, 114 bytes nvram
[    0.608762] i2c /dev entries driver
[    0.609478] device-mapper: uevent: version 1.0.3
[    0.610390] device-mapper: ioctl: 4.37.0-ioctl (2017-09-20) initialised: dm-devel@redhat.com
[    0.612889] ledtrig-cpu: registered to indicate activity on CPUs
[    0.614876] NET: Registered protocol family 10
[    0.654323] Segment Routing with IPv6
[    0.655094] NET: Registered protocol family 17
[    0.655954] Key type dns_resolver registered
[    0.656937] mce: Using 0 MCE banks
[    0.657583] RAS: Correctable Errors collector initialized.
[    0.658528] sched_clock: Marking stable (656914233, 0)->(804821392, -147907159)
[    0.660089] registered taskstats version 1
[    0.660773] Loading compiled-in X.509 certificates
[    0.663453] Loaded X.509 cert 'Build time autogenerated kernel key: f114f3958ed3c37ba1924ca66ae8368f3c35b0e4'
[    0.665635] Loaded X.509 cert 'Canonical Ltd. Live Patch Signing: 14df34d1a87cf37625abec039ef2bf521249b969'
[    0.667722] Loaded X.509 cert 'Canonical Ltd. Kernel Module Signing: 88f752e560a1e0737e31163a466ad7b70a850c19'
[    0.669412] blacklist: Loading compiled-in revocation X.509 certificates
[    0.670612] Loaded X.509 cert 'Canonical Ltd. Secure Boot Signing: 61482aa2830d0ab2ad5af10b7250da9033ddcef0'
[    0.672322] zswap: loaded using pool lzo/zbud
[    0.676286] Key type big_key registered
[    0.677049] Key type trusted registered
[    0.679046] Key type encrypted registered
[    0.679815] AppArmor: AppArmor sha1 policy hashing enabled
[    0.680786] ima: No TPM chip found, activating TPM-bypass! (rc=-19)
[    0.681867] ima: Allocated hash algorithm: sha1
[    0.682707] evm: HMAC attrs: 0x1
[    0.683508]   Magic number: 7:94:381
[    0.684348] rtc_cmos rtc_cmos: setting system clock to 2023-01-27 12:21:41 UTC (1674822101)
[    0.685912] BIOS EDD facility v0.16 2004-Jun-25, 0 devices found
[    0.686956] EDD information not available.
[    0.772581] Freeing unused kernel image memory: 2472K
[    0.788063] Write protecting the kernel read-only data: 20480k
[    0.789840] Freeing unused kernel image memory: 2008K
[    0.791090] Freeing unused kernel image memory: 1824K
[    0.797227] x86/mm: Checked W+X mappings: passed, no W+X pages found.
[    0.798694] x86/mm: Checking user space page tables
[    0.804549] x86/mm: Checked W+X mappings: passed, no W+X pages found.
Loading, please wait...
starting version 237
[    0.863260] Fusion MPT base driver 3.04.20
[    0.864068] Copyright (c) 1999-2008 LSI Corporation
[    0.867155] e1000: Intel(R) PRO/1000 Network Driver - version 7.3.21-k8-NAPI
[    0.868288] e1000: Copyright (c) 1999-2006 Intel Corporation.
[    0.884160] Fusion MPT SPI Host driver 3.04.20
[    0.886243] AVX2 version of gcm_enc/dec engaged.
[    0.887125] AES CTR mode by8 optimization enabled
[    1.077102] input: ImExPS/2 Generic Explorer Mouse as /devices/platform/i8042/serio1/input/input4
[    1.239570] e1000 0000:00:03.0 eth0: (PCI:33MHz:32-bit) 02:0c:5d:76:46:7f
[    1.240851] e1000 0000:00:03.0 eth0: Intel(R) PRO/1000 Network Connection
[    1.242962] mptbase: ioc0: Initiating bringup
[    1.336588] ioc0: LSI53C1030 A0: Capabilities={Initiator}
[    1.581935] scsi host2: ioc0: LSI53C1030 A0, FwRev=00000000h, Ports=1, MaxQ=256, IRQ=20
[    1.748790] scsi 2:0:0:0: Direct-Access     VBOX     HARDDISK         1.0  PQ: 0 ANSI: 5
[    1.888134] scsi target2:0:0: Beginning Domain Validation
[    1.890554] scsi target2:0:0: Domain Validation skipping write tests
[    1.891845] scsi target2:0:0: Ending Domain Validation
[    1.893199] scsi target2:0:0: asynchronous
[    1.894940] scsi 2:0:1:0: Direct-Access     VBOX     HARDDISK         1.0  PQ: 0 ANSI: 5
[    2.128895] scsi target2:0:1: Beginning Domain Validation
[    2.130663] scsi target2:0:1: Domain Validation skipping write tests
[    2.131907] scsi target2:0:1: Ending Domain Validation
[    2.132973] scsi target2:0:1: asynchronous
[    2.135823] e1000 0000:00:08.0 eth1: (PCI:33MHz:32-bit) 08:00:27:18:12:a8
[    2.137200] sd 2:0:0:0: Attached scsi generic sg0 type 0
[    2.137440] e1000 0000:00:08.0 eth1: Intel(R) PRO/1000 Network Connection
[    2.138936] sd 2:0:1:0: Attached scsi generic sg1 type 0
[    2.142136] sd 2:0:0:0: [sda] 83886080 512-byte logical blocks: (42.9 GB/40.0 GiB)
[    2.143886] sd 2:0:1:0: [sdb] 20480 512-byte logical blocks: (10.5 MB/10.0 MiB)
[    2.145581] sd 2:0:0:0: [sda] Write Protect is off
[    2.146671] sd 2:0:1:0: [sdb] Write Protect is off
[    2.147828] sd 2:0:0:0: [sda] Incomplete mode parameter data
[    2.149041] sd 2:0:0:0: [sda] Assuming drive cache: write through
[    2.150417] sd 2:0:1:0: [sdb] Incomplete mode parameter data
[    2.151568] sd 2:0:1:0: [sdb] Assuming drive cache: write through
[    2.200526]  sda: sda1
[    2.201601] sd 2:0:0:0: [sda] Attached SCSI disk
[    2.225671] sd 2:0:1:0: [sdb] Attached SCSI disk
[    2.227682] e1000 0000:00:03.0 enp0s3: renamed from eth0
[    2.240801] e1000 0000:00:08.0 enp0s8: renamed from eth1
Begin: Loading essential drivers ... [    3.648058] raid6: sse2x1   gen() 11395 MB/s
[    3.696030] raid6: sse2x1   xor()  7727 MB/s
[    3.744048] raid6: sse2x2   gen() 13632 MB/s
[    3.792050] raid6: sse2x2   xor()  8914 MB/s
[    3.840046] raid6: sse2x4   gen() 16650 MB/s
[    3.888053] raid6: sse2x4   xor() 10350 MB/s
[    3.936044] raid6: avx2x1   gen() 21493 MB/s
[    3.984042] raid6: avx2x1   xor() 15660 MB/s
[    4.032039] raid6: avx2x2   gen() 26249 MB/s
[    4.080014] raid6: avx2x2   xor() 16360 MB/s
[    4.128008] raid6: avx2x4   gen() 30038 MB/s
[    4.176030] raid6: avx2x4   xor() 18565 MB/s
[    4.176774] raid6: using algorithm avx2x4 gen() 30038 MB/s
[    4.177651] raid6: .... xor() 18565 MB/s, rmw enabled
[    4.178500] raid6: using avx2x2 recovery algorithm
[    4.180707] xor: automatically using best checksumming function   avx       
[    4.182799] async_tx: api initialized (async)
done.
Begin: Running /scripts/init-premount ... done.
Begin: Mounting root file system ... Begin: Running /scripts/local-top ... done.
Begin: Running /scripts/local-premount ... [    4.222988] Btrfs loaded, crc32c=crc32c-intel
Scanning for Btrfs filesystems
done.
Warning: fsck not present, so skipping root file system
[    4.384653] EXT4-fs (sda1): mounted filesystem with ordered data mode. Opts: (null)
done.
Begin: Running /scripts/local-bottom ... done.
Begin: Running /scripts/init-bottom ... done.
[    5.925705] ip_tables: (C) 2000-2006 Netfilter Core Team
[    6.034036] systemd[1]: systemd 237 running in system mode. (+PAM +AUDIT +SELINUX +IMA +APPARMOR +SMACK +SYSVINIT +UTMP +LIBCRYPTSETUP +GCRYPT +GNUTLS +ACL +XZ +LZ4 +SECCOMP +BLKID +ELFUTILS +KMOD -IDN2 +IDN -PCRE2 default-hierarchy=hybrid)
[    6.054399] systemd[1]: Detected virtualization oracle.
[    6.059235] systemd[1]: Detected architecture x86-64.

Welcome to [1mUbuntu 18.04.6 LTS[0m!

[    6.164516] systemd[1]: Set hostname to <ubuntu>.
[    6.189343] systemd[1]: Initializing machine ID from random generator.
[    6.190915] systemd[1]: Installed transient /etc/machine-id file.
[    8.317924] systemd[1]: Created slice System Slice.
[[0;32m  OK  [0m] Created slice System Slice.
[    8.544811] systemd[1]: Listening on Device-mapper event daemon FIFOs.
[[0;32m  OK  [0m] Listening on Device-mapper event daemon FIFOs.
[    8.769252] systemd[1]: Listening on LVM2 poll daemon socket.
[[0;32m  OK  [0m] Listening on LVM2 poll daemon socket.
[    8.777334] systemd[1]: Listening on fsck to fsckd communication Socket.
[[0;32m  OK  [0m] Listening on fsck to fsckd communication Socket.
[[0;32m  OK  [0m] Listening on udev Control Socket.
[[0;32m  OK  [0m] Reached target Swap.
[[0;32m  OK  [0m] Listening on Syslog Socket.
[[0;32m  OK  [0m] Listening on Journal Socket (/dev/log).
[[0;32m  OK  [0m] Reached target User and Group Name Lookups.
[[0;32m  OK  [0m] Created slice system-serial\x2dgetty.slice.
[[0;32m  OK  [0m] Listening on Journal Audit Socket.
[[0;32m  OK  [0m] Reached target System Time Synchronized.
[[0;32m  OK  [0m] Listening on LVM2 metadata daemon socket.
[[0;32m  OK  [0m] Listening on Journal Socket.
         Starting File System Check on Root Device...
         Starting Create list of required st…ce nodes for the current kernel...
         Starting Load Kernel Modules...
         Mounting POSIX Message Queue File System...
         Starting Set the console keyboard layout...
         Starting Monitoring of LVM2 mirrors…ng dmeventd or progress polling...
         Mounting Kernel Debug File System...
         Starting Journal Service...
[[0;32m  OK  [0m] Listening on Network Service Netlink Socket.
[[0;32m  OK  [0m] Listening on udev Kernel Socket.
         Starting udev Coldplug all Devices...
[[0;32m  OK  [0m] Created slice User and Session Slice.
[[0;32m  OK  [0m] Reached target Slices.
         Mounting Huge Pages File System...
[[0;32m  OK  [0m] Started Forward Password Requests to Wall Directory Watch.
         Starting Uncomplicated firewall...
[[0;32m  OK  [0m] Set up automount Arbitrary Executab…rmats File System Automount Point.
[    9.427438] Loading iSCSI transport class v2.0-870.
[[0;32m  OK  [0m] Listening on /dev/initctl Compatibility Named Pipe.
[[0;32m  OK  [0m] Started Create list of required sta…vice nodes for the current kernel.
[[0;32m  OK  [0m] Mounted POSIX Message Queue File System.
[[0;32m  OK  [0m] Mounted Kernel Debug File System.
[[0;32m  OK  [0m] Mounted Huge Pages File System.
[[0;32m  OK  [0m] Started File System Check Daemon to report status.
         Starting Create Static Device Nodes in /dev...
[[0;32m  OK  [0m] Started Journal Service.
[[0;32m  OK  [0m] Started udev Coldplug all Devices.
[    9.635331] iscsi: registered transport (tcp)
[[0;32m  OK  [0m] Started Uncomplicated firewall.
[[0;32m  OK  [0m] Started File System Check on Root Device.
         Starting Remount Root and Kernel File Systems...
[[0;32m  OK  [0m] Started Set the console keyboard layout.
[[0;32m  OK  [0m] Started Create Static Device Nodes in /dev.
[[0;32m  OK  [0m] Started LVM2 metadata daemon.
[   10.355537] iscsi: registered transport (iser)
[   10.357688] EXT4-fs (sda1): re-mounted. Opts: (null)
[[0;32m  OK  [0m] Started Load Kernel Modules.
[[0;32m  OK  [0m] Started Remount Root and Kernel File Systems.
         Starting udev Kernel Device Manager...
         Starting Load/Save Random Seed...
         Starting Flush Journal to Persistent Storage...
         Starting Apply Kernel Variables...
         Mounting Kernel Configuration File System...
         Mounting FUSE Control File System...
[[0;32m  OK  [0m] Mounted Kernel Configuration File System.
[[0;32m  OK  [0m] Mounted FUSE Control File System.
[   10.427190] systemd-journald[406]: Received request to flush runtime journal from PID 1
[[0;32m  OK  [0m] Started Monitoring of LVM2 mirrors,…sing dmeventd or progress polling.
[[0;32m  OK  [0m] Reached target Local File Systems (Pre).
[[0;32m  OK  [0m] Reached target Local File Systems.
         Starting Tell Plymouth To Write Out Runtime Data...
         Starting Commit a transient machine-id on disk...
         Starting ebtables ruleset management...
         Starting AppArmor initialization...
         Starting Set console font and keymap...
[[0;32m  OK  [0m] Started Load/Save Random Seed.
[[0;32m  OK  [0m] Started Tell Plymouth To Write Out Runtime Data.
[[0;32m  OK  [0m] Started Set console font and keymap.
[[0;32m  OK  [0m] Started udev Kernel Device Manager.
[[0;32m  OK  [0m] Started Dispatch Password Requests to Console Directory Watch.
[[0;32m  OK  [0m] Reached target Local Encrypted Volumes.
[[0;32m  OK  [0m] Started Apply Kernel Variables.
[[0;32m  OK  [0m] Started Flush Journal to Persistent Storage.
         Starting Create Volatile Files and Directories...
[[0;32m  OK  [0m] Started Commit a transient machine-id on disk.
[[0;32m  OK  [0m] Started Create Volatile Files and Directories.
         Starting Update UTMP about System Boot/Shutdown...
[[0;32m  OK  [0m] Started Update UTMP about System Boot/Shutdown.
[[0;32m  OK  [0m] Started ebtables ruleset management.
[[0;32m  OK  [0m] Found device /dev/ttyS0.
[[0;32m  OK  [0m] Listening on Load/Save RF Kill Switch Status /dev/rfkill Watch.
[[0;32m  OK  [0m] Started AppArmor initialization.
         Starting Initial cloud-init job (pre-networking)...
         Starting Load AppArmor profiles managed internally by snapd...
         Mounting Arbitrary Executable File Formats File System...
[[0;32m  OK  [0m] Mounted Arbitrary Executable File Formats File System.
[[0;32m  OK  [0m] Started Load AppArmor profiles managed internally by snapd.
[   18.963169] cloud-init[533]: Cloud-init v. 22.4.2-0ubuntu0~18.04.1 running 'init-local' at Fri, 27 Jan 2023 12:21:59 +0000. Up 18.25 seconds.
[[0;32m  OK  [0m] Started Initial cloud-init job (pre-networking).
[[0;32m  OK  [0m] Reached target Network (Pre).
         Starting Network Service...
[[0;32m  OK  [0m] Started Network Service.
         Starting Wait for Network to be Configured...
         Starting Network Name Resolution...
[[0;32m  OK  [0m] Started Network Name Resolution.
[[0;32m  OK  [0m] Reached target Network.
[[0;32m  OK  [0m] Reached target Host and Network Name Lookups.
[[0;32m  OK  [0m] Started Wait for Network to be Configured.
         Starting Initial cloud-init job (metadata service crawler)...
[   21.837367] cloud-init[673]: Cloud-init v. 22.4.2-0ubuntu0~18.04.1 running 'init' at Fri, 27 Jan 2023 12:22:02 +0000. Up 21.64 seconds.
[   21.838697] cloud-init[673]: ci-info: ++++++++++++++++++++++++++++++++++++++Net device info++++++++++++++++++++++++++++++++++++++
[   21.839971] cloud-init[673]: ci-info: +--------+-------+---------------------------+---------------+--------+-------------------+
[   21.848229] cloud-init[673]: ci-info: | Device |   Up  |          Address          |      Mask     | Scope  |     Hw-Address    |
[   21.849631] cloud-init[673]: ci-info: +--------+-------+---------------------------+---------------+--------+-------------------+
[   21.850990] cloud-init[673]: ci-info: | enp0s3 |  True |         10.0.2.15         | 255.255.255.0 | global | 02:0c:5d:76:46:7f |
[   21.852557] cloud-init[673]: ci-info: | enp0s3 |  True | fe80::c:5dff:fe76:467f/64 |       .       |  link  | 02:0c:5d:76:46:7f |
[   21.853840] cloud-init[673]: ci-info: | enp0s8 | False |             .             |       .       |   .    | 08:00:27:18:12:a8 |
[   21.855124] cloud-init[673]: ci-info: |   lo   |  True |         127.0.0.1         |   255.0.0.0   |  host  |         .         |
[   21.856375] cloud-init[673]: ci-info: |   lo   |  True |          ::1/128          |       .       |  host  |         .         |
[   21.857498] cloud-init[673]: ci-info: +--------+-------+---------------------------+---------------+--------+-------------------+
[   21.858772] cloud-init[673]: ci-info: ++++++++++++++++++++++++++++Route IPv4 info+++++++++++++++++++++++++++++
[   21.859781] cloud-init[673]: ci-info: +-------+-------------+----------+-----------------+-----------+-------+
[   21.860803] cloud-init[673]: ci-info: | Route | Destination | Gateway  |     Genmask     | Interface | Flags |
[   21.861675] cloud-init[673]: ci-info: +-------+-------------+----------+-----------------+-----------+-------+
[   21.862792] cloud-init[673]: ci-info: |   0   |   0.0.0.0   | 10.0.2.2 |     0.0.0.0     |   enp0s3  |   UG  |
[   21.864357] cloud-init[673]: ci-info: |   1   |   10.0.2.0  | 0.0.0.0  |  255.255.255.0  |   enp0s3  |   U   |
[   21.865425] cloud-init[673]: ci-info: |   2   |   10.0.2.2  | 0.0.0.0  | 255.255.255.255 |   enp0s3  |   UH  |
[   21.876259] cloud-init[673]: ci-info: +-------+-------------+----------+-----------------+-----------+-------+
[   21.877504] cloud-init[673]: ci-info: +++++++++++++++++++Route IPv6 info+++++++++++++++++++
[   21.878449] cloud-init[673]: ci-info: +-------+-------------+---------+-----------+-------+
[   21.888361] cloud-init[673]: ci-info: | Route | Destination | Gateway | Interface | Flags |
[   21.889280] cloud-init[673]: ci-info: +-------+-------------+---------+-----------+-------+
[   21.890365] cloud-init[673]: ci-info: |   1   |  fe80::/64  |    ::   |   enp0s3  |   U   |
[   21.891295] cloud-init[673]: ci-info: |   3   |    local    |    ::   |   enp0s3  |   U   |
[   21.892302] cloud-init[673]: ci-info: |   4   |   ff00::/8  |    ::   |   enp0s3  |   U   |
[   21.893281] cloud-init[673]: ci-info: +-------+-------------+---------+-----------+-------+
[   24.881729] cloud-init[673]: Generating public/private rsa key pair.
[   24.899060] cloud-init[673]: Your identification has been saved in /etc/ssh/ssh_host_rsa_key.
[   24.900197] cloud-init[673]: Your public key has been saved in /etc/ssh/ssh_host_rsa_key.pub.
[   24.920205] cloud-init[673]: The key fingerprint is:
[   24.920742] cloud-init[673]: SHA256:+pfB6GA6IgSc0BDdJroUVZx3a3bmZRmSJOqxBzPDABQ root@ubuntu-bionic
[   24.946961] cloud-init[673]: The key's randomart image is:
[[0;32m  OK  [0m[   24.956288] cloud-init[673]: +---[RSA 2048]----+
[   24.956583] cloud-init[673]: |o=oE=o.  ....    |
[   24.957247] cloud-init[673]: |..+ ooo....o .   |
[   24.957624] cloud-init[673]: |o.oo  .O. . . o  |
[   24.958071] cloud-init[673]: |o+    . B+ o +   |
[   24.958527] cloud-init[673]: |o.     oS++ o    |
[   24.959074] cloud-init[673]: |..    o.o o.     |
[   24.959422] cloud-init[673]: |.    o.o   o     |
[   24.959858] cloud-init[673]: |. . o  .. o      |
[   24.960525] cloud-init[673]: | . . .  ..       |
[   24.960797] cloud-init[673]: +----[SHA256]-----+
[   24.961235] cloud-init[673]: Generating public/private dsa key pair.
[   24.961511] cloud-init[673]: Your identification has been saved in /etc/ssh/ssh_host_dsa_key.
[   24.961867] cloud-init[673]: Your public key has been saved in /etc/ssh/ssh_host_dsa_key.pub.
[   24.962406] cloud-init[673]: The key fingerprint is:
[   24.963175] cloud-init[673]: SHA256:9EPA6nwR7BfuffM/HXwbxxR7UtwaEap7q6JSm15xKJw root@ubuntu-bionic
[   24.964124] cloud-init[673]: The key's randomart image is:
[   24.964611] cloud-init[673]: +---[DSA 1024]----+
] Started Initial cloud-init job (metadata service crawler).
[   24.964741] cloud-init[673]: |       o.     o+.|
[   24.968104] cloud-init[673]: |        +..  ...+|
[   24.968646] cloud-init[673]: |       o.o...  +o|
[   24.969169] cloud-init[673]: |     ..oo+o.  o.o|
[[0;32m  OK  [0m] [   24.970534] cloud-init[673]: |     oE S+=.  .+.|
[   24.970778] cloud-init[673]: |      +..o.o. o++|
[   24.970975] cloud-init[673]: |     . +. . .. oB|
[   24.971395] cloud-init[673]: |    . o..  . . oo|
[   24.971665] cloud-init[673]: |     oo. ....   +|
[   24.971915] cloud-init[673]: +----[SHA256]-----+
[   24.972206] cloud-init[673]: Generating public/private ecdsa key pair.
[   24.972393] cloud-init[673]: Your identification has been saved in /etc/ssh/ssh_host_ecdsa_key.
[   24.972629] cloud-init[673]: Your public key has been saved in /etc/ssh/ssh_host_ecdsa_key.pub.
[   24.972776] cloud-init[673]: The key fingerprint is:
[   24.972888] cloud-init[673]: SHA256:Dod+YZ5nL3hIFQBdcf8PNXwAl0a9cXOLK64nskOJF6s root@ubuntu-bionic
[   24.973272] cloud-init[673]: The key's randomart image is:
[   24.973510] cloud-init[673]: +---[ECDSA 256]---+
[   24.973870] cloud-init[673]: |      .o.oo.oo+o |
[   24.974062] cloud-init[673]: |        . .. o+++|
[   24.974180] cloud-init[673]: |           . .ooX|
[   24.974535] cloud-init[673]: |       o  .  . =o|
[   24.974649] cloud-init[673]: |      + S.    o .|
[   24.975091] cloud-init[673]: |     o @.o . . ..|
[   24.975459] cloud-init[673]: |      =.=o+ .   .|
[   24.975634] cloud-init[673]: |     E +o+o+     |
Reached target Network is Online.
[   24.975743] cloud-init[673]: |       .+o+..    |
[   24.981540] cloud-init[673]: +----[SHA256]-----+
[   24.982050] cloud-init[673]: Generating public/private ed25519 key pair.
[   24.982108] cloud-init[673]: Your identification has been saved in /etc/ssh/ssh_host_ed25519_key.
[   24.983102] cloud-init[673]: Your public key has been saved in /etc/ssh/ssh_host_ed25519_key.pub.
[   24.983587] cloud-init[673]: The key fingerprint is:
[   24.984502] cloud-init[673]: SHA256:rsky9KEHx7wX6JnbP93CxIH7SHylQZW5i8xRVGCFecg root@ubuntu-bionic
[   24.984696] cloud-init[673]: The key's randomart image is:
[   24.985043] cloud-init[673]: +--[ED25519 256]--+
[   24.985313] cloud-init[673]: |             +=Xo|
[   24.985558] cloud-init[673]: |            ..E .|
[   24.985803] cloud-init[673]: |           o . o |
[   24.986227] cloud-init[673]: |          . + o  |
[[0;32m  OK  [0m] Reached target Remote File Systems (Pre).
[[0;32m  OK  [0m] Reached target Remote File Systems.
         Starting Availability of block devices...
[[0;32m  OK  [0m] Reached target Cloud-config availability.
[[0;32m  OK  [0m] Reached target System Initialization.
[[0;32m  OK  [0m] Listening on ACPID Listen Socket.
[[0;32m  OK  [0m] Listening on UUID daemon activation socket.
[[0;32m  OK  [0m] Started Message of the Day.
[[0;32m  OK  [0m] Started ACPI Events Check.
[   24.986982] cloud-init[673]: |     o .S. = B . |
         Starting Socket activation for snappy daemon.
[   25.010949] [[0;32m  OK  [0m] Started Discard unused blocks once a week.
cloud-init[673]: |    o *.. + O .  |
[   25.012493] cloud-init[673]: |   . * =.o B .   |
[   25.013450] cloud-init[673]: |    +.B+. o = .  |
[   25.014505] cloud-init[673]: |     +=o.... .   |
[   25.015419] cloud-init[673]: +----[SHA256]-----+
         Starting LXD - unix socket.
[[0;32m  OK  [0m] Started Daily Cleanup of Temporary Directories.
[[0;32m  OK  [0m] Started Ubuntu Advantage Timer for running repeated jobs.
[[0;32m  OK  [0m] Reached target Paths.
[[0;32m  OK  [0m] Started Daily apt download activities.
[[0;32m  OK  [0m] Started Daily apt upgrade and clean activities.
[[0;32m  OK  [0m] Reached target Timers.
[[0;32m  OK  [0m] Listening on D-Bus System Message Bus Socket.
[[0;32m  OK  [0m] Listening on cloud-init hotplug hook socket.
[[0;32m  OK  [0m] Listening on Open-iSCSI iscsid Socket.
[[0;32m  OK  [0m] Started Availability of block devices.
[[0;32m  OK  [0m] Listening on Socket activation for snappy daemon.
[[0;32m  OK  [0m] Listening on LXD - unix socket.
[[0;32m  OK  [0m] Reached target Sockets.
[[0;32m  OK  [0m] Reached target Basic System.
[[0;32m  OK  [0m] Started Regular background program processing daemon.
[[0;32m  OK  [0m] Started Deferred execution scheduler.
         Starting Virtualbox guest utils...
         Starting Dispatcher daemon for systemd-networkd...
         Starting LSB: automatic crash report generation...
         Starting Snap Daemon...
         Starting System Logging Service...
         Starting Login Service...
[[0;32m  OK  [0m] Reached target Login Prompts (Pre).
[[0;32m  OK  [0m] Started FUSE filesystem for LXC.
[[0;32m  OK  [0m] Started irqbalance daemon.
         Starting Pollinate to seed the pseudo random number generator...
         Starting LXD - container startup/shutdown...
         Starting LSB: Record successful boot for GRUB...
[[0;32m  OK  [0m] Started D-Bus System Message Bus.
         Starting Permit User Sessions...
         Starting Accounts Service...
[[0;32m  OK  [0m] Started System Logging Service.
[[0;32m  OK  [0m] Started Login Service.
[[0;32m  OK  [0m] Started Unattended Upgrades Shutdown.
[[0;32m  OK  [0m] Started Permit User Sessions.
         Starting Terminate Plymouth Boot Screen...
         Starting Hold until boot process finishes up...
[[0;32m  OK  [0m] Started Terminate Plymouth Boot Screen.
[[0;32m  OK  [0m] Started Hold until boot process finishes up.
         Starting Set console scheme...
[[0;32m  OK  [0m] Started Serial Getty on ttyS0.
[[0;32m  OK  [0m] Started Set console scheme.
[[0;32m  OK  [0m] Created slice system-getty.slice.
[[0;32m  OK  [0m] Started Getty on tty1.
[[0;32m  OK  [0m] Reached target Login Prompts.
[[0;32m  OK  [0m] Started LSB: automatic crash report generation.
[[0;32m  OK  [0m] Started LSB: Record successful boot for GRUB.
         Starting Authorization Manager...
[[0;32m  OK  [0m] Started Dispatcher daemon for systemd-networkd.
[[0;32m  OK  [0m] Started Authorization Manager.
[[0;32m  OK  [0m] Started Accounts Service.
[[0;32m  OK  [0m] Started Virtualbox guest utils.
[[0;32m  OK  [0m] Started LXD - container startup/shutdown.
[[0;32m  OK  [0m] Started Snap Daemon.
         Starting Wait until snapd is fully seeded...

Ubuntu 18.04.6 LTS ubuntu-bionic ttyS0

ubuntu-bionic login: [   37.439594] cloud-init[1326]: Cloud-init v. 22.4.2-0ubuntu0~18.04.1 running 'modules:config' at Fri, 27 Jan 2023 12:22:15 +0000. Up 34.27 seconds.
ci-info: no authorized SSH keys fingerprints found for user ubuntu.
<14>Jan 27 12:22:19 cloud-init: #############################################################
<14>Jan 27 12:22:19 cloud-init: -----BEGIN SSH HOST KEY FINGERPRINTS-----
<14>Jan 27 12:22:19 cloud-init: 1024 SHA256:9EPA6nwR7BfuffM/HXwbxxR7UtwaEap7q6JSm15xKJw root@ubuntu-bionic (DSA)
<14>Jan 27 12:22:19 cloud-init: 256 SHA256:Dod+YZ5nL3hIFQBdcf8PNXwAl0a9cXOLK64nskOJF6s root@ubuntu-bionic (ECDSA)
<14>Jan 27 12:22:19 cloud-init: 256 SHA256:rsky9KEHx7wX6JnbP93CxIH7SHylQZW5i8xRVGCFecg root@ubuntu-bionic (ED25519)
<14>Jan 27 12:22:19 cloud-init: 2048 SHA256:+pfB6GA6IgSc0BDdJroUVZx3a3bmZRmSJOqxBzPDABQ root@ubuntu-bionic (RSA)
<14>Jan 27 12:22:19 cloud-init: -----END SSH HOST KEY FINGERPRINTS-----
<14>Jan 27 12:22:19 cloud-init: #############################################################
-----BEGIN SSH HOST KEY KEYS-----
ecdsa-sha2-nistp256 AAAAE2VjZHNhLXNoYTItbmlzdHAyNTYAAAAIbmlzdHAyNTYAAABBBL7z2hJPgMlBocqj/XS2+9d63yj/aDXNG1PJk1RZKOcc5Hfrkoib709+pf5NzTRptgF/KAsWic5cGd+oyAOnrCw= root@ubuntu-bionic
ssh-ed25519 AAAAC3NzaC1lZDI1NTE5AAAAIP3Mm2vQLSnUgEUB9mafzYuT4jRutw9yt4OrgePeeY8U root@ubuntu-bionic
ssh-rsa AAAAB3NzaC1yc2EAAAADAQABAAABAQDANG5KOMllPXtHBbJDQon164Gjb6qnrCfm4A2nWsyijdtmJPTjaUiIxFhD+J6Dm8xjPnqHANPN4DshwKGTQu6Pt3yfO8ag1scw32EFQY8KUsQedIok1SqxuFSnxpSzP323+6xfp//C0s04vHNhpqJR4YzC/fIqT0UZ77Ej9FGD93UmNDYfpQE6/HCAYuGAHV6wTF7t8lVv/A4RSnRhJ852UX9qoLHkbqYGymS2CvTjqVZreB0NWlHazGUW6t9FuEFSQZlJgGbMkAIXe21htdGssk2rITyvCQM2+f7oQ6ipoEjSUfoI4gu7lPahFIXRU8ug4aItLkHdcHXadvYUxWVt root@ubuntu-bionic
-----END SSH HOST KEY KEYS-----
[   38.326949] cloud-init[1431]: Cloud-init v. 22.4.2-0ubuntu0~18.04.1 running 'modules:final' at Fri, 27 Jan 2023 12:22:18 +0000. Up 38.00 seconds.
[   38.327047] cloud-init[1431]: Cloud-init v. 22.4.2-0ubuntu0~18.04.1 finished at Fri, 27 Jan 2023 12:22:19 +0000. Datasource DataSourceNoCloud [seed=/dev/sdb][dsmode=net].  Up 38.31 seconds
